[0m[[0m[0mdebug[0m] [0m[0m> Exec(early(addDefaultCommands), None, None)[0m
[0m[[0m[0mdebug[0m] [0m[0m> Exec(addDefaultCommands, None, None)[0m
[0m[[0m[0mdebug[0m] [0m[0m> Exec(early(initialize), None, None)[0m
[0m[[0m[0mdebug[0m] [0m[0m> Exec(initialize, None, None)[0m
[0m[[0m[0mdebug[0m] [0m[0m> Exec(early(addPluginSbtFile="""/private/var/folders/cn/cdr98gcx3tn4qxd_87685r6dknjq15/T/idea.sbt"""), None, None)[0m
[0m[[0m[0mdebug[0m] [0m[0m> Exec(addPluginSbtFile="""/private/var/folders/cn/cdr98gcx3tn4qxd_87685r6dknjq15/T/idea.sbt""", None, None)[0m
[0m[[0m[0mdebug[0m] [0m[0m> Exec(boot, None, None)[0m
[0m[[0m[0mdebug[0m] [0m[0m> Exec(writeSbtVersion, None, None)[0m
[0m[[0m[0mdebug[0m] [0m[0m> Exec(reload, None, None)[0m
[0m[[0m[0mdebug[0m] [0m[0m> Exec(sbtStashOnFailure, None, None)[0m
[0m[[0m[0mdebug[0m] [0m[0m> Exec(onFailure loadFailed, None, None)[0m
[0m[[0m[0mdebug[0m] [0m[0m> Exec(loadp, None, None)[0m
[0m[[0m[0minfo[0m] [0m[0mwelcome to sbt 1.8.2 (Eclipse Adoptium Java 11.0.18)[0m
[0m[[0m[0mdebug[0m] [0m[0m      Load.loadUnit: plugins took 84.433917ms[0m
[0m[[0m[0mdebug[0m] [0m[0m      Load.loadUnit: defsScala took 0.1665ms[0m
[0m[[0m[0mdebug[0m] [0m[0m[Loading] Scanning directory /Users/nguyena6/.sbt/1.0/plugins[0m
[0m[[0m[0mdebug[0m] [0m[0m[Loading] Found non-root projects [0m
[0m[[0m[0mdebug[0m] [0m[0m[Loading] Done in /Users/nguyena6/.sbt/1.0/plugins, returning: ()[0m
[0m[[0m[0mdebug[0m] [0m[0mdeducing auto plugins based on known facts Set(Atom(sbt.plugins.CorePlugin)) and clauses Clauses(Clause(Atom(sbt.plugins.JvmPlugin),Set(Atom(sbt.plugins.IvyPlugin)))[0m
[0m[[0m[0mdebug[0m] [0m[0mClause(Atom(sbt.ScriptedPlugin),Set(Atom(sbt.plugins.JvmPlugin)))[0m
[0m[[0m[0mdebug[0m] [0m[0mClause(Atom(sbt.plugins.SbtPlugin),Set(Atom(sbt.ScriptedPlugin)))[0m
[0m[[0m[0mdebug[0m] [0m[0mClause(Atom(sbt.plugins.SemanticdbPlugin),Set(Atom(sbt.plugins.JvmPlugin)))[0m
[0m[[0m[0mdebug[0m] [0m[0mClause(Atom(sbt.plugins.JUnitXmlReportPlugin),Set(Atom(sbt.plugins.JvmPlugin)))[0m
[0m[[0m[0mdebug[0m] [0m[0mClause(Atom(sbt.plugins.MiniDependencyTreePlugin),Set(Atom(sbt.plugins.JvmPlugin)))[0m
[0m[[0m[0mdebug[0m] [0m[0mClause(Atom(sbt.plugins.CorePlugin),Set(Atom(sbt.plugins.IvyPlugin)))[0m
[0m[[0m[0mdebug[0m] [0m[0mClause(Atom(sbt.plugins.IvyPlugin),Set(Atom(sbt.plugins.JvmPlugin)))[0m
[0m[[0m[0mdebug[0m] [0m[0mClause(Atom(sbt.plugins.JvmPlugin),Set(Atom(sbt.plugins.SemanticdbPlugin)))[0m
[0m[[0m[0mdebug[0m] [0m[0mClause(Atom(sbt.plugins.JvmPlugin),Set(Atom(sbt.plugins.JUnitXmlReportPlugin)))[0m
[0m[[0m[0mdebug[0m] [0m[0mClause(Atom(sbt.plugins.CorePlugin),Set(Atom(sbt.plugins.Giter8TemplatePlugin)))[0m
[0m[[0m[0mdebug[0m] [0m[0mClause(Atom(sbt.plugins.JvmPlugin),Set(Atom(sbt.plugins.MiniDependencyTreePlugin))))[0m
[0m[[0m[0mdebug[0m] [0m[0m  :: deduced result: Matched(sbt.plugins.CorePlugin,sbt.plugins.Giter8TemplatePlugin,sbt.plugins.IvyPlugin,sbt.plugins.JvmPlugin,sbt.plugins.MiniDependencyTreePlugin,sbt.plugins.JUnitXmlReportPlugin,sbt.plugins.SemanticdbPlugin)[0m
[0m[[0m[0mdebug[0m] [0m[0mPlugins.deducer#function took 14.854208 ms[0m
[0m[[0m[0mdebug[0m] [0m[0m          Load.resolveProject(global-plugins) took 50.545334ms[0m
[0m[[0m[0mdebug[0m] [0m[0m        Load.loadTransitive: finalizeProject(Project(id global-plugins, base: /Users/nguyena6/.sbt/1.0/plugins, plugins: List(<none>))) took 90.315833ms[0m
[0m[[0m[0mdebug[0m] [0m[0m[Loading] Done in /Users/nguyena6/.sbt/1.0/plugins, returning: (global-plugins)[0m
[0m[[0m[0mdebug[0m] [0m[0m      Load.loadUnit: loadedProjectsRaw took 111.063708ms[0m
[0m[[0m[0mdebug[0m] [0m[0m      Load.loadUnit: cleanEvalClasses took 0.139ms[0m
[0m[[0m[0mdebug[0m] [0m[0m    Load.loadUnit(file:/Users/nguyena6/.sbt/1.0/plugins/, ...) took 202.50575ms[0m
[0m[[0m[0mdebug[0m] [0m[0m  Load.apply: load took 5464.4405ms[0m
[0m[[0m[0mdebug[0m] [0m[0m  Load.apply: resolveProjects took 6.306375ms[0m
[0m[[0m[0mdebug[0m] [0m[0m  Load.apply: finalTransforms took 114.119625ms[0m
[0m[[0m[0mdebug[0m] [0m[0m  Load.apply: config.delegates took 9.209875ms[0m
[0m[[0m[0mdebug[0m] [0m[0m  Load.apply: Def.make(settings)... took 1235.730458ms[0m
[0m[[0m[0mdebug[0m] [0m[0m  Load.apply: structureIndex took 198.396458ms[0m
[0m[[0m[0mdebug[0m] [0m[0m  Load.apply: mkStreams took 2.084375ms[0m
[0m[[0m[0minfo[0m] [0m[0mloading global plugins from /Users/nguyena6/.sbt/1.0/plugins[0m
[0m[[0m[0mdebug[0m] [0m[0mRunning task... Cancel: Signal, check cycles: false, forcegc: true[0m
[0m[[0m[0mdebug[0m] [0m[0mLoad.defaultLoad until apply took 8795.340667ms[0m
[0m[[0m[0mdebug[0m] [0m[0m          Load.loadUnit: plugins took 27.721708ms[0m
[0m[[0m[0mdebug[0m] [0m[0m          Load.loadUnit: defsScala took 0.002459ms[0m
[0m[[0m[0mdebug[0m] [0m[0m[Loading] Scanning directory /Users/nguyena6/cheatinghangman/cheatinghangman/project[0m
[0m[[0m[0mdebug[0m] [0m[0m            Load.loadUnit: mkEval took 4.366541ms[0m
[0m[[0m[0mdebug[0m] [0m[0m[Loading] Found non-root projects [0m
[0m[[0m[0mdebug[0m] [0m[0m[Loading] Done in /Users/nguyena6/cheatinghangman/cheatinghangman/project, returning: ()[0m
[0m[[0m[0mdebug[0m] [0m[0mdeducing auto plugins based on known facts Set(Atom(sbt.plugins.CorePlugin)) and clauses Clauses(Clause(Atom(sbt.plugins.JvmPlugin),Set(Atom(sbt.plugins.IvyPlugin)))[0m
[0m[[0m[0mdebug[0m] [0m[0mClause(Atom(sbt.ScriptedPlugin),Set(Atom(sbt.plugins.JvmPlugin)))[0m
[0m[[0m[0mdebug[0m] [0m[0mClause(Atom(sbt.plugins.SbtPlugin),Set(Atom(sbt.ScriptedPlugin)))[0m
[0m[[0m[0mdebug[0m] [0m[0mClause(Atom(sbt.plugins.SemanticdbPlugin),Set(Atom(sbt.plugins.JvmPlugin)))[0m
[0m[[0m[0mdebug[0m] [0m[0mClause(Atom(sbt.plugins.JUnitXmlReportPlugin),Set(Atom(sbt.plugins.JvmPlugin)))[0m
[0m[[0m[0mdebug[0m] [0m[0mClause(Atom(sbt.plugins.MiniDependencyTreePlugin),Set(Atom(sbt.plugins.JvmPlugin)))[0m
[0m[[0m[0mdebug[0m] [0m[0mClause(Atom(sbt.plugins.CorePlugin),Set(Atom(sbt.plugins.IvyPlugin)))[0m
[0m[[0m[0mdebug[0m] [0m[0mClause(Atom(sbt.plugins.IvyPlugin),Set(Atom(sbt.plugins.JvmPlugin)))[0m
[0m[[0m[0mdebug[0m] [0m[0mClause(Atom(sbt.plugins.JvmPlugin),Set(Atom(sbt.plugins.SemanticdbPlugin)))[0m
[0m[[0m[0mdebug[0m] [0m[0mClause(Atom(sbt.plugins.JvmPlugin),Set(Atom(sbt.plugins.JUnitXmlReportPlugin)))[0m
[0m[[0m[0mdebug[0m] [0m[0mClause(Atom(sbt.plugins.CorePlugin),Set(Atom(sbt.plugins.Giter8TemplatePlugin)))[0m
[0m[[0m[0mdebug[0m] [0m[0mClause(Atom(sbt.plugins.JvmPlugin),Set(Atom(sbt.plugins.MiniDependencyTreePlugin))))[0m
[0m[[0m[0mdebug[0m] [0m[0m  :: deduced result: Matched(sbt.plugins.CorePlugin,sbt.plugins.Giter8TemplatePlugin,sbt.plugins.IvyPlugin,sbt.plugins.JvmPlugin,sbt.plugins.MiniDependencyTreePlugin,sbt.plugins.JUnitXmlReportPlugin,sbt.plugins.SemanticdbPlugin)[0m
[0m[[0m[0mdebug[0m] [0m[0mPlugins.deducer#function took 4.091833 ms[0m
[0m[[0m[0minfo[0m] [0m[0mloading settings for project cheatinghangman-build from idea.sbt ...[0m
[0m[[0m[0mdebug[0m] [0m[0m              Load.resolveProject(cheatinghangman-build) took 55.174458ms[0m
[0m[[0m[0mdebug[0m] [0m[0m            Load.loadTransitive: finalizeProject(Project(id cheatinghangman-build, base: /Users/nguyena6/cheatinghangman/cheatinghangman/project, plugins: List(<none>))) took 61.483584ms[0m
[0m[[0m[0mdebug[0m] [0m[0m[Loading] Done in /Users/nguyena6/cheatinghangman/cheatinghangman/project, returning: (cheatinghangman-build)[0m
[0m[[0m[0mdebug[0m] [0m[0m          Load.loadUnit: loadedProjectsRaw took 4256.62025ms[0m
[0m[[0m[0mdebug[0m] [0m[0m          Load.loadUnit: cleanEvalClasses took 5.492042ms[0m
[0m[[0m[0mdebug[0m] [0m[0m        Load.loadUnit(file:/Users/nguyena6/cheatinghangman/cheatinghangman/project/, ...) took 4290.42575ms[0m
[0m[[0m[0mdebug[0m] [0m[0m      Load.apply: load took 4294.932ms[0m
[0m[[0m[0mdebug[0m] [0m[0m      Load.apply: resolveProjects took 0.238333ms[0m
[0m[[0m[0mdebug[0m] [0m[0m      Load.apply: finalTransforms took 15.435333ms[0m
[0m[[0m[0mdebug[0m] [0m[0m      Load.apply: config.delegates took 1.9125ms[0m
[0m[[0m[0mdebug[0m] [0m[0m      Load.apply: Def.make(settings)... took 287.81825ms[0m
[0m[[0m[0mdebug[0m] [0m[0m      Load.apply: structureIndex took 64.471166ms[0m
[0m[[0m[0mdebug[0m] [0m[0m      Load.apply: mkStreams took 0.001958ms[0m
[0m[[0m[0minfo[0m] [0m[0mloading project definition from /Users/nguyena6/cheatinghangman/cheatinghangman/project[0m
[0m[[0m[0mdebug[0m] [0m[0mRunning task... Cancel: Signal, check cycles: false, forcegc: true[0m
[0m[[0m[33mwarn[0m] [0m[0mUnrecognized repository Scala Plugin Bundled Repository, ignoring it[0m
[0m[[0m[33mwarn[0m] [0m[0mUnrecognized repository Scala Plugin Bundled Repository, ignoring it[0m
[0m[[0m[33mwarn[0m] [0m[0m[0m
[0m[[0m[33mwarn[0m] [0m[0m	Note: Some unresolved dependencies have extra attributes.  Check that these dependencies exist with the requested attributes.[0m
[0m[[0m[33mwarn[0m] [0m[0m		org.jetbrains.scala:sbt-structure-extractor:2022.3.1 (sbtVersion=1.0, scalaVersion=2.12)[0m
[0m[[0m[33mwarn[0m] [0m[0m		org.jetbrains.scala:sbt-idea-shell:2021.1.0 (sbtVersion=1.0, scalaVersion=2.12)[0m
[0m[[0m[33mwarn[0m] [0m[0m		org.jetbrains.scala:sbt-idea-compiler-indices:1.0.13 (sbtVersion=1.0, scalaVersion=2.12)[0m
[0m[[0m[33mwarn[0m] [0m[0m[0m
[0m[[0m[33mwarn[0m] [0m[0m	Note: Unresolved dependencies path:[0m
[0m[[0m[0mdebug[0m] [0m[0mForcing garbage collection...[0m
[0m[[0m[31merror[0m] [0m[0msbt.librarymanagement.ResolveException: Error downloading org.jetbrains.scala:sbt-structure-extractor;sbtVersion=1.0;scalaVersion=2.12:2022.3.1[0m
[0m[[0m[31merror[0m] [0m[0m  Not found[0m
[0m[[0m[31merror[0m] [0m[0m  Not found[0m
[0m[[0m[31merror[0m] [0m[0m  download error: Caught java.net.UnknownHostException (repo1.maven.org) while downloading https://repo1.maven.org/maven2/org/jetbrains/scala/sbt-structure-extractor_2.12_1.0/2022.3.1/sbt-structure-extractor-2022.3.1.pom[0m
[0m[[0m[31merror[0m] [0m[0m  not found: /Users/nguyena6/.ivy2/localorg.jetbrains.scala/sbt-structure-extractor/scala_2.12/sbt_1.0/2022.3.1/ivys/ivy.xml[0m
[0m[[0m[31merror[0m] [0m[0m  download error: Caught java.net.UnknownHostException (rt.artifactory.tio.systems) while downloading https://rt.artifactory.tio.systems/artifactory/sbt-maven-central-remote/org/jetbrains/scala/sbt-structure-extractor_2.12_1.0/2022.3.1/sbt-structure-extractor-2022.3.1.pom[0m
[0m[[0m[31merror[0m] [0m[0m  download error: Caught java.net.UnknownHostException (rt.artifactory.tio.systems) while downloading https://rt.artifactory.tio.systems/artifactory/ivy-typesafe-ivy-releases-remote/org.jetbrains.scala/sbt-structure-extractor/scala_2.12/sbt_1.0/2022.3.1/ivys/ivy.xml[0m
[0m[[0m[31merror[0m] [0m[0m  download error: Caught java.net.UnknownHostException (rt.artifactory.tio.systems) while downloading https://rt.artifactory.tio.systems/artifactory/sbt-recs-libs-local/org/jetbrains/scala/sbt-structure-extractor_2.12_1.0/2022.3.1/sbt-structure-extractor-2022.3.1.pom[0m
[0m[[0m[31merror[0m] [0m[0m  download error: Caught java.net.UnknownHostException (rt.artifactory.tio.systems) while downloading https://rt.artifactory.tio.systems/artifactory/sbt-recs-apps-local/org/jetbrains/scala/sbt-structure-extractor_2.12_1.0/2022.3.1/sbt-structure-extractor-2022.3.1.pom[0m
[0m[[0m[31merror[0m] [0m[0m  download error: Caught java.net.UnknownHostException (repo.scala-sbt.org) while downloading https://repo.scala-sbt.org/scalasbt/sbt-plugin-releases/org.jetbrains.scala/sbt-structure-extractor/scala_2.12/sbt_1.0/2022.3.1/ivys/ivy.xml[0m
[0m[[0m[31merror[0m] [0m[0m  download error: Caught java.net.UnknownHostException (repo.typesafe.com) while downloading https://repo.typesafe.com/typesafe/ivy-releases/org.jetbrains.scala/sbt-structure-extractor/scala_2.12/sbt_1.0/2022.3.1/ivys/ivy.xml[0m
[0m[[0m[31merror[0m] [0m[0mError downloading org.jetbrains.scala:sbt-idea-shell;sbtVersion=1.0;scalaVersion=2.12:2021.1.0[0m
[0m[[0m[31merror[0m] [0m[0m  Not found[0m
[0m[[0m[31merror[0m] [0m[0m  Not found[0m
[0m[[0m[31merror[0m] [0m[0m  download error: Caught java.net.UnknownHostException (repo1.maven.org) while downloading https://repo1.maven.org/maven2/org/jetbrains/scala/sbt-idea-shell_2.12_1.0/2021.1.0/sbt-idea-shell-2021.1.0.pom[0m
[0m[[0m[31merror[0m] [0m[0m  not found: /Users/nguyena6/.ivy2/localorg.jetbrains.scala/sbt-idea-shell/scala_2.12/sbt_1.0/2021.1.0/ivys/ivy.xml[0m
[0m[[0m[31merror[0m] [0m[0m  download error: Caught java.net.UnknownHostException (rt.artifactory.tio.systems) while downloading https://rt.artifactory.tio.systems/artifactory/sbt-maven-central-remote/org/jetbrains/scala/sbt-idea-shell_2.12_1.0/2021.1.0/sbt-idea-shell-2021.1.0.pom[0m
[0m[[0m[31merror[0m] [0m[0m  download error: Caught java.net.UnknownHostException (rt.artifactory.tio.systems) while downloading https://rt.artifactory.tio.systems/artifactory/ivy-typesafe-ivy-releases-remote/org.jetbrains.scala/sbt-idea-shell/scala_2.12/sbt_1.0/2021.1.0/ivys/ivy.xml[0m
[0m[[0m[31merror[0m] [0m[0m  download error: Caught java.net.UnknownHostException (rt.artifactory.tio.systems) while downloading https://rt.artifactory.tio.systems/artifactory/sbt-recs-libs-local/org/jetbrains/scala/sbt-idea-shell_2.12_1.0/2021.1.0/sbt-idea-shell-2021.1.0.pom[0m
[0m[[0m[31merror[0m] [0m[0m  download error: Caught java.net.UnknownHostException (rt.artifactory.tio.systems) while downloading https://rt.artifactory.tio.systems/artifactory/sbt-recs-apps-local/org/jetbrains/scala/sbt-idea-shell_2.12_1.0/2021.1.0/sbt-idea-shell-2021.1.0.pom[0m
[0m[[0m[31merror[0m] [0m[0m  download error: Caught java.net.UnknownHostException (repo.scala-sbt.org) while downloading https://repo.scala-sbt.org/scalasbt/sbt-plugin-releases/org.jetbrains.scala/sbt-idea-shell/scala_2.12/sbt_1.0/2021.1.0/ivys/ivy.xml[0m
[0m[[0m[31merror[0m] [0m[0m  download error: Caught java.net.UnknownHostException (repo.typesafe.com) while downloading https://repo.typesafe.com/typesafe/ivy-releases/org.jetbrains.scala/sbt-idea-shell/scala_2.12/sbt_1.0/2021.1.0/ivys/ivy.xml[0m
[0m[[0m[31merror[0m] [0m[0mError downloading org.jetbrains.scala:sbt-idea-compiler-indices;sbtVersion=1.0;scalaVersion=2.12:1.0.13[0m
[0m[[0m[31merror[0m] [0m[0m  Not found[0m
[0m[[0m[31merror[0m] [0m[0m  Not found[0m
[0m[[0m[31merror[0m] [0m[0m  download error: Caught java.net.UnknownHostException (repo1.maven.org) while downloading https://repo1.maven.org/maven2/org/jetbrains/scala/sbt-idea-compiler-indices_2.12_1.0/1.0.13/sbt-idea-compiler-indices-1.0.13.pom[0m
[0m[[0m[31merror[0m] [0m[0m  not found: /Users/nguyena6/.ivy2/localorg.jetbrains.scala/sbt-idea-compiler-indices/scala_2.12/sbt_1.0/1.0.13/ivys/ivy.xml[0m
[0m[[0m[31merror[0m] [0m[0m  download error: Caught java.net.UnknownHostException (rt.artifactory.tio.systems) while downloading https://rt.artifactory.tio.systems/artifactory/sbt-maven-central-remote/org/jetbrains/scala/sbt-idea-compiler-indices_2.12_1.0/1.0.13/sbt-idea-compiler-indices-1.0.13.pom[0m
[0m[[0m[31merror[0m] [0m[0m  download error: Caught java.net.UnknownHostException (rt.artifactory.tio.systems) while downloading https://rt.artifactory.tio.systems/artifactory/ivy-typesafe-ivy-releases-remote/org.jetbrains.scala/sbt-idea-compiler-indices/scala_2.12/sbt_1.0/1.0.13/ivys/ivy.xml[0m
[0m[[0m[31merror[0m] [0m[0m  download error: Caught java.net.UnknownHostException (rt.artifactory.tio.systems) while downloading https://rt.artifactory.tio.systems/artifactory/sbt-recs-libs-local/org/jetbrains/scala/sbt-idea-compiler-indices_2.12_1.0/1.0.13/sbt-idea-compiler-indices-1.0.13.pom[0m
[0m[[0m[31merror[0m] [0m[0m  download error: Caught java.net.UnknownHostException (rt.artifactory.tio.systems) while downloading https://rt.artifactory.tio.systems/artifactory/sbt-recs-apps-local/org/jetbrains/scala/sbt-idea-compiler-indices_2.12_1.0/1.0.13/sbt-idea-compiler-indices-1.0.13.pom[0m
[0m[[0m[31merror[0m] [0m[0m  download error: Caught java.net.UnknownHostException (repo.scala-sbt.org) while downloading https://repo.scala-sbt.org/scalasbt/sbt-plugin-releases/org.jetbrains.scala/sbt-idea-compiler-indices/scala_2.12/sbt_1.0/1.0.13/ivys/ivy.xml[0m
[0m[[0m[31merror[0m] [0m[0m  download error: Caught java.net.UnknownHostException (repo.typesafe.com) while downloading https://repo.typesafe.com/typesafe/ivy-releases/org.jetbrains.scala/sbt-idea-compiler-indices/scala_2.12/sbt_1.0/1.0.13/ivys/ivy.xml[0m
[0m[[0m[31merror[0m] [0m[0m	at lmcoursier.CoursierDependencyResolution.unresolvedWarningOrThrow(CoursierDependencyResolution.scala:344)[0m
[0m[[0m[31merror[0m] [0m[0m	at lmcoursier.CoursierDependencyResolution.$anonfun$update$38(CoursierDependencyResolution.scala:313)[0m
[0m[[0m[31merror[0m] [0m[0m	at scala.util.Either$LeftProjection.map(Either.scala:573)[0m
[0m[[0m[31merror[0m] [0m[0m	at lmcoursier.CoursierDependencyResolution.update(CoursierDependencyResolution.scala:313)[0m
[0m[[0m[31merror[0m] [0m[0m	at sbt.librarymanagement.DependencyResolution.update(DependencyResolution.scala:60)[0m
[0m[[0m[31merror[0m] [0m[0m	at sbt.internal.LibraryManagement$.resolve$1(LibraryManagement.scala:59)[0m
[0m[[0m[31merror[0m] [0m[0m	at sbt.internal.LibraryManagement$.$anonfun$cachedUpdate$12(LibraryManagement.scala:133)[0m
[0m[[0m[31merror[0m] [0m[0m	at sbt.util.Tracked$.$anonfun$lastOutput$1(Tracked.scala:73)[0m
[0m[[0m[31merror[0m] [0m[0m	at sbt.internal.LibraryManagement$.$anonfun$cachedUpdate$20(LibraryManagement.scala:146)[0m
[0m[[0m[31merror[0m] [0m[0m	at scala.util.control.Exception$Catch.apply(Exception.scala:228)[0m
[0m[[0m[31merror[0m] [0m[0m	at sbt.internal.LibraryManagement$.$anonfun$cachedUpdate$11(LibraryManagement.scala:146)[0m
[0m[[0m[31merror[0m] [0m[0m	at sbt.internal.LibraryManagement$.$anonfun$cachedUpdate$11$adapted(LibraryManagement.scala:127)[0m
[0m[[0m[31merror[0m] [0m[0m	at sbt.util.Tracked$.$anonfun$inputChangedW$1(Tracked.scala:219)[0m
[0m[[0m[31merror[0m] [0m[0m	at sbt.internal.LibraryManagement$.cachedUpdate(LibraryManagement.scala:160)[0m
[0m[[0m[31merror[0m] [0m[0m	at sbt.Classpaths$.$anonfun$updateTask0$1(Defaults.scala:3687)[0m
[0m[[0m[31merror[0m] [0m[0m	at scala.Function1.$anonfun$compose$1(Function1.scala:49)[0m
[0m[[0m[31merror[0m] [0m[0m	at sbt.internal.util.$tilde$greater.$anonfun$$u2219$1(TypeFunctions.scala:62)[0m
[0m[[0m[31merror[0m] [0m[0m	at sbt.std.Transform$$anon$4.work(Transform.scala:68)[0m
[0m[[0m[31merror[0m] [0m[0m	at sbt.Execute.$anonfun$submit$2(Execute.scala:282)[0m
[0m[[0m[31merror[0m] [0m[0m	at sbt.internal.util.ErrorHandling$.wideConvert(ErrorHandling.scala:23)[0m
[0m[[0m[31merror[0m] [0m[0m	at sbt.Execute.work(Execute.scala:291)[0m
[0m[[0m[31merror[0m] [0m[0m	at sbt.Execute.$anonfun$submit$1(Execute.scala:282)[0m
[0m[[0m[31merror[0m] [0m[0m	at sbt.ConcurrentRestrictions$$anon$4.$anonfun$submitValid$1(ConcurrentRestrictions.scala:265)[0m
[0m[[0m[31merror[0m] [0m[0m	at sbt.CompletionService$$anon$2.call(CompletionService.scala:64)[0m
[0m[[0m[31merror[0m] [0m[0m	at java.base/java.util.concurrent.FutureTask.run(FutureTask.java:264)[0m
[0m[[0m[31merror[0m] [0m[0m	at java.base/java.util.concurrent.Executors$RunnableAdapter.call(Executors.java:515)[0m
[0m[[0m[31merror[0m] [0m[0m	at java.base/java.util.concurrent.FutureTask.run(FutureTask.java:264)[0m
[0m[[0m[31merror[0m] [0m[0m	at java.base/java.util.concurrent.ThreadPoolExecutor.runWorker(ThreadPoolExecutor.java:1128)[0m
[0m[[0m[31merror[0m] [0m[0m	at java.base/java.util.concurrent.ThreadPoolExecutor$Worker.run(ThreadPoolExecutor.java:628)[0m
[0m[[0m[31merror[0m] [0m[0m	at java.base/java.lang.Thread.run(Thread.java:829)[0m
[0m[[0m[31merror[0m] [0m[0m([31mupdate[0m) sbt.librarymanagement.ResolveException: Error downloading org.jetbrains.scala:sbt-structure-extractor;sbtVersion=1.0;scalaVersion=2.12:2022.3.1[0m
[0m[[0m[31merror[0m] [0m[0m  Not found[0m
[0m[[0m[31merror[0m] [0m[0m  Not found[0m
[0m[[0m[31merror[0m] [0m[0m  download error: Caught java.net.UnknownHostException (repo1.maven.org) while downloading https://repo1.maven.org/maven2/org/jetbrains/scala/sbt-structure-extractor_2.12_1.0/2022.3.1/sbt-structure-extractor-2022.3.1.pom[0m
[0m[[0m[31merror[0m] [0m[0m  not found: /Users/nguyena6/.ivy2/localorg.jetbrains.scala/sbt-structure-extractor/scala_2.12/sbt_1.0/2022.3.1/ivys/ivy.xml[0m
[0m[[0m[31merror[0m] [0m[0m  download error: Caught java.net.UnknownHostException (rt.artifactory.tio.systems) while downloading https://rt.artifactory.tio.systems/artifactory/sbt-maven-central-remote/org/jetbrains/scala/sbt-structure-extractor_2.12_1.0/2022.3.1/sbt-structure-extractor-2022.3.1.pom[0m
[0m[[0m[31merror[0m] [0m[0m  download error: Caught java.net.UnknownHostException (rt.artifactory.tio.systems) while downloading https://rt.artifactory.tio.systems/artifactory/ivy-typesafe-ivy-releases-remote/org.jetbrains.scala/sbt-structure-extractor/scala_2.12/sbt_1.0/2022.3.1/ivys/ivy.xml[0m
[0m[[0m[31merror[0m] [0m[0m  download error: Caught java.net.UnknownHostException (rt.artifactory.tio.systems) while downloading https://rt.artifactory.tio.systems/artifactory/sbt-recs-libs-local/org/jetbrains/scala/sbt-structure-extractor_2.12_1.0/2022.3.1/sbt-structure-extractor-2022.3.1.pom[0m
[0m[[0m[31merror[0m] [0m[0m  download error: Caught java.net.UnknownHostException (rt.artifactory.tio.systems) while downloading https://rt.artifactory.tio.systems/artifactory/sbt-recs-apps-local/org/jetbrains/scala/sbt-structure-extractor_2.12_1.0/2022.3.1/sbt-structure-extractor-2022.3.1.pom[0m
[0m[[0m[31merror[0m] [0m[0m  download error: Caught java.net.UnknownHostException (repo.scala-sbt.org) while downloading https://repo.scala-sbt.org/scalasbt/sbt-plugin-releases/org.jetbrains.scala/sbt-structure-extractor/scala_2.12/sbt_1.0/2022.3.1/ivys/ivy.xml[0m
[0m[[0m[31merror[0m] [0m[0m  download error: Caught java.net.UnknownHostException (repo.typesafe.com) while downloading https://repo.typesafe.com/typesafe/ivy-releases/org.jetbrains.scala/sbt-structure-extractor/scala_2.12/sbt_1.0/2022.3.1/ivys/ivy.xml[0m
[0m[[0m[31merror[0m] [0m[0mError downloading org.jetbrains.scala:sbt-idea-shell;sbtVersion=1.0;scalaVersion=2.12:2021.1.0[0m
[0m[[0m[31merror[0m] [0m[0m  Not found[0m
[0m[[0m[31merror[0m] [0m[0m  Not found[0m
[0m[[0m[31merror[0m] [0m[0m  download error: Caught java.net.UnknownHostException (repo1.maven.org) while downloading https://repo1.maven.org/maven2/org/jetbrains/scala/sbt-idea-shell_2.12_1.0/2021.1.0/sbt-idea-shell-2021.1.0.pom[0m
[0m[[0m[31merror[0m] [0m[0m  not found: /Users/nguyena6/.ivy2/localorg.jetbrains.scala/sbt-idea-shell/scala_2.12/sbt_1.0/2021.1.0/ivys/ivy.xml[0m
[0m[[0m[31merror[0m] [0m[0m  download error: Caught java.net.UnknownHostException (rt.artifactory.tio.systems) while downloading https://rt.artifactory.tio.systems/artifactory/sbt-maven-central-remote/org/jetbrains/scala/sbt-idea-shell_2.12_1.0/2021.1.0/sbt-idea-shell-2021.1.0.pom[0m
[0m[[0m[31merror[0m] [0m[0m  download error: Caught java.net.UnknownHostException (rt.artifactory.tio.systems) while downloading https://rt.artifactory.tio.systems/artifactory/ivy-typesafe-ivy-releases-remote/org.jetbrains.scala/sbt-idea-shell/scala_2.12/sbt_1.0/2021.1.0/ivys/ivy.xml[0m
[0m[[0m[31merror[0m] [0m[0m  download error: Caught java.net.UnknownHostException (rt.artifactory.tio.systems) while downloading https://rt.artifactory.tio.systems/artifactory/sbt-recs-libs-local/org/jetbrains/scala/sbt-idea-shell_2.12_1.0/2021.1.0/sbt-idea-shell-2021.1.0.pom[0m
[0m[[0m[31merror[0m] [0m[0m  download error: Caught java.net.UnknownHostException (rt.artifactory.tio.systems) while downloading https://rt.artifactory.tio.systems/artifactory/sbt-recs-apps-local/org/jetbrains/scala/sbt-idea-shell_2.12_1.0/2021.1.0/sbt-idea-shell-2021.1.0.pom[0m
[0m[[0m[31merror[0m] [0m[0m  download error: Caught java.net.UnknownHostException (repo.scala-sbt.org) while downloading https://repo.scala-sbt.org/scalasbt/sbt-plugin-releases/org.jetbrains.scala/sbt-idea-shell/scala_2.12/sbt_1.0/2021.1.0/ivys/ivy.xml[0m
[0m[[0m[31merror[0m] [0m[0m  download error: Caught java.net.UnknownHostException (repo.typesafe.com) while downloading https://repo.typesafe.com/typesafe/ivy-releases/org.jetbrains.scala/sbt-idea-shell/scala_2.12/sbt_1.0/2021.1.0/ivys/ivy.xml[0m
[0m[[0m[31merror[0m] [0m[0mError downloading org.jetbrains.scala:sbt-idea-compiler-indices;sbtVersion=1.0;scalaVersion=2.12:1.0.13[0m
[0m[[0m[31merror[0m] [0m[0m  Not found[0m
[0m[[0m[31merror[0m] [0m[0m  Not found[0m
[0m[[0m[31merror[0m] [0m[0m  download error: Caught java.net.UnknownHostException (repo1.maven.org) while downloading https://repo1.maven.org/maven2/org/jetbrains/scala/sbt-idea-compiler-indices_2.12_1.0/1.0.13/sbt-idea-compiler-indices-1.0.13.pom[0m
[0m[[0m[31merror[0m] [0m[0m  not found: /Users/nguyena6/.ivy2/localorg.jetbrains.scala/sbt-idea-compiler-indices/scala_2.12/sbt_1.0/1.0.13/ivys/ivy.xml[0m
[0m[[0m[31merror[0m] [0m[0m  download error: Caught java.net.UnknownHostException (rt.artifactory.tio.systems) while downloading https://rt.artifactory.tio.systems/artifactory/sbt-maven-central-remote/org/jetbrains/scala/sbt-idea-compiler-indices_2.12_1.0/1.0.13/sbt-idea-compiler-indices-1.0.13.pom[0m
[0m[[0m[31merror[0m] [0m[0m  download error: Caught java.net.UnknownHostException (rt.artifactory.tio.systems) while downloading https://rt.artifactory.tio.systems/artifactory/ivy-typesafe-ivy-releases-remote/org.jetbrains.scala/sbt-idea-compiler-indices/scala_2.12/sbt_1.0/1.0.13/ivys/ivy.xml[0m
[0m[[0m[31merror[0m] [0m[0m  download error: Caught java.net.UnknownHostException (rt.artifactory.tio.systems) while downloading https://rt.artifactory.tio.systems/artifactory/sbt-recs-libs-local/org/jetbrains/scala/sbt-idea-compiler-indices_2.12_1.0/1.0.13/sbt-idea-compiler-indices-1.0.13.pom[0m
[0m[[0m[31merror[0m] [0m[0m  download error: Caught java.net.UnknownHostException (rt.artifactory.tio.systems) while downloading https://rt.artifactory.tio.systems/artifactory/sbt-recs-apps-local/org/jetbrains/scala/sbt-idea-compiler-indices_2.12_1.0/1.0.13/sbt-idea-compiler-indices-1.0.13.pom[0m
[0m[[0m[31merror[0m] [0m[0m  download error: Caught java.net.UnknownHostException (repo.scala-sbt.org) while downloading https://repo.scala-sbt.org/scalasbt/sbt-plugin-releases/org.jetbrains.scala/sbt-idea-compiler-indices/scala_2.12/sbt_1.0/1.0.13/ivys/ivy.xml[0m
[0m[[0m[31merror[0m] [0m[0m  download error: Caught java.net.UnknownHostException (repo.typesafe.com) while downloading https://repo.typesafe.com/typesafe/ivy-releases/org.jetbrains.scala/sbt-idea-compiler-indices/scala_2.12/sbt_1.0/1.0.13/ivys/ivy.xml[0m
[0m[[0m[0mdebug[0m] [0m[0m> Exec(loadFailed, None, None)[0m
[0m[[0m[33mwarn[0m] [0m[0mProject loading failed: (r)etry, (q)uit, (l)ast, or (i)gnore? (default: r)[0m
